{"contracts/DaiFaucet.sol":{"l":{"13":6,"14":6,"17":0,"18":0,"22":2},"path":"/Users/alexandrebarros/Documents/Code/GBC/dApp2/Capstone/Code/stop-loss/contracts/DaiFaucet.sol","s":{"1":6,"2":6,"3":0,"4":0,"5":2},"b":{"1":[6,0],"2":[0,6]},"f":{"1":6,"2":2},"fnMap":{"1":{"name":"withdraw","line":11,"loc":{"start":{"line":11,"column":2},"end":{"line":19,"column":2}}},"2":{"name":"","line":21,"loc":{"start":{"line":21,"column":2},"end":{"line":23,"column":2}}}},"statementMap":{"1":{"start":{"line":13,"column":6},"end":{"line":13,"column":42}},"2":{"start":{"line":14,"column":6},"end":{"line":14,"column":447}},"3":{"start":{"line":17,"column":6},"end":{"line":17,"column":51}},"4":{"start":{"line":18,"column":6},"end":{"line":18,"column":50}},"5":{"start":{"line":22,"column":6},"end":{"line":22,"column":42}}},"branchMap":{"1":{"line":13,"type":"if","locations":[{"start":{"line":13,"column":6},"end":{"line":13,"column":6}},{"start":{"line":13,"column":6},"end":{"line":13,"column":6}}]},"2":{"line":14,"type":"if","locations":[{"start":{"line":14,"column":6},"end":{"line":14,"column":6}},{"start":{"line":14,"column":6},"end":{"line":14,"column":6}}]}}},"contracts/Mortal.sol":{"l":{"8":2,"9":0},"path":"/Users/alexandrebarros/Documents/Code/GBC/dApp2/Capstone/Code/stop-loss/contracts/Mortal.sol","s":{"1":2,"2":0},"b":{},"f":{"1":2},"fnMap":{"1":{"name":"destroy","line":7,"loc":{"start":{"line":7,"column":2},"end":{"line":10,"column":2}}}},"statementMap":{"1":{"start":{"line":8,"column":4},"end":{"line":8,"column":62}},"2":{"start":{"line":9,"column":4},"end":{"line":9,"column":27}}},"branchMap":{}},"contracts/Owned.sol":{"l":{"14":3,"15":3,"19":2,"20":2},"path":"/Users/alexandrebarros/Documents/Code/GBC/dApp2/Capstone/Code/stop-loss/contracts/Owned.sol","s":{"1":3,"2":3,"3":2},"b":{"1":[2,0]},"f":{"1":3,"2":2},"fnMap":{"1":{"name":"constructor","line":13,"loc":{"start":{"line":13,"column":1},"end":{"line":16,"column":1}}},"2":{"name":"onlyOwner","line":18,"loc":{"start":{"line":18,"column":1},"end":{"line":21,"column":1}}}},"statementMap":{"1":{"start":{"line":14,"column":3},"end":{"line":14,"column":20}},"2":{"start":{"line":15,"column":3},"end":{"line":15,"column":65}},"3":{"start":{"line":19,"column":3},"end":{"line":19,"column":80}}},"branchMap":{"1":{"line":19,"type":"if","locations":[{"start":{"line":19,"column":3},"end":{"line":19,"column":3}},{"start":{"line":19,"column":3},"end":{"line":19,"column":3}}]}}}}