TN:
SF:/Users/alexandrebarros/Documents/Code/GBC/dApp2/Capstone/Code/stop-loss/contracts/DaiFaucet.sol
FN:11,withdraw
FN:21,
FNF:2
FNH:2
FNDA:6,withdraw
FNDA:2,
DA:13,6
DA:14,6
DA:17,0
DA:18,0
DA:22,2
LF:5
LH:3
BRDA:13,1,0,6
BRDA:13,1,1,0
BRDA:14,2,0,0
BRDA:14,2,1,6
BRF:4
BRH:2
end_of_record
TN:
SF:/Users/alexandrebarros/Documents/Code/GBC/dApp2/Capstone/Code/stop-loss/contracts/Mortal.sol
FN:7,destroy
FNF:1
FNH:1
FNDA:2,destroy
DA:8,2
DA:9,0
LF:2
LH:1
BRF:0
BRH:0
end_of_record
TN:
SF:/Users/alexandrebarros/Documents/Code/GBC/dApp2/Capstone/Code/stop-loss/contracts/Owned.sol
FN:13,constructor
FN:18,onlyOwner
FNF:2
FNH:2
FNDA:3,constructor
FNDA:2,onlyOwner
DA:14,3
DA:15,3
DA:19,2
DA:20,2
LF:4
LH:4
BRDA:19,1,0,2
BRDA:19,1,1,0
BRF:2
BRH:1
end_of_record
